build/app/intermediates/manifest_merge_blame_file/debug/manifest-merger-blame-debug-report.txt
1<?xml version="1.0" encoding="utf-8"?>
2<manifest xmlns:android="http://schemas.android.com/apk/res/android"
3    package="com.example.flutterdersproje"
4    android:versionCode="1"
5    android:versionName="1.0.0" >
6
7    <uses-sdk
8        android:minSdkVersion="21"
9        android:targetSdkVersion="35" />
10    <!--
11         The INTERNET permission is required for development. Specifically,
12         the Flutter tool needs it to communicate with the running application
13         to allow setting breakpoints, to provide hot reload, etc.
14    -->
15    <uses-permission android:name="android.permission.INTERNET" />
15-->src\main\AndroidManifest.xml:2:5-66
15-->src\main\AndroidManifest.xml:2:22-64
16    <uses-permission android:name="android.permission.READ_EXTERNAL_STORAGE" />
16-->src\main\AndroidManifest.xml:3:5-80
16-->src\main\AndroidManifest.xml:3:22-77
17
18    <queries>
18-->src\main\AndroidManifest.xml:4:5-10:15
19        <intent>
19-->src\main\AndroidManifest.xml:5:9-9:18
20            <action android:name="android.intent.action.VIEW" />
20-->src\main\AndroidManifest.xml:6:13-65
20-->src\main\AndroidManifest.xml:6:21-62
21
22            <category android:name="android.intent.category.BROWSABLE" />
22-->src\main\AndroidManifest.xml:7:13-74
22-->src\main\AndroidManifest.xml:7:23-71
23
24            <data android:scheme="https" />
24-->src\main\AndroidManifest.xml:8:13-44
24-->src\main\AndroidManifest.xml:8:19-41
25        </intent>
26    </queries>
27    <!--
28 Required to query activities that can process text, see:
29        https://developer.android.com/training/package-visibility and
30        https://developer.android.com/reference/android/content/Intent#ACTION_PROCESS_TEXT.
31
32        In particular, this is used by the Flutter engine in io.flutter.plugin.text.ProcessTextPlugin.
33    -->
34    <queries>
34-->src\main\AndroidManifest.xml:4:5-10:15
35        <intent>
36            <action android:name="android.intent.action.PROCESS_TEXT" />
37
38            <data android:mimeType="text/plain" />
38-->src\main\AndroidManifest.xml:8:13-44
39        </intent>
40    </queries>
41
42    <permission
42-->[androidx.core:core:1.13.1] AndroidManifest.xml:22:5-24:47
43        android:name="com.example.flutterdersproje.DYNAMIC_RECEIVER_NOT_EXPORTED_PERMISSION"
43-->[androidx.core:core:1.13.1] AndroidManifest.xml:23:9-81
44        android:protectionLevel="signature" />
44-->[androidx.core:core:1.13.1] AndroidManifest.xml:24:9-44
45
46    <uses-permission android:name="com.example.flutterdersproje.DYNAMIC_RECEIVER_NOT_EXPORTED_PERMISSION" />
46-->[androidx.core:core:1.13.1] AndroidManifest.xml:26:5-97
46-->[androidx.core:core:1.13.1] AndroidManifest.xml:26:22-94
47
48    <application
49        android:name="android.app.Application"
50        android:appComponentFactory="androidx.core.app.CoreComponentFactory"
50-->[androidx.core:core:1.13.1] AndroidManifest.xml:28:18-86
51        android:debuggable="true"
52        android:extractNativeLibs="true"
53        android:icon="@mipmap/ic_launcher"
54        android:label="flutterdersproje" >
55        <activity
56            android:name="com.example.biruni_connect.MainActivity"
57            android:configChanges="orientation|keyboardHidden|keyboard|screenSize|smallestScreenSize|locale|layoutDirection|fontScale|screenLayout|density|uiMode"
58            android:exported="true"
59            android:hardwareAccelerated="true"
60            android:launchMode="singleTop"
61            android:taskAffinity=""
62            android:theme="@style/LaunchTheme"
63            android:windowSoftInputMode="adjustResize" >
64
65            <!--
66                 Specifies an Android theme to apply to this Activity as soon as
67                the Android process has started. This theme is visible to the user
68                while the Flutter UI initializes. After that, this theme continues
69                to determine the Window background behind the Flutter UI.
70            -->
71            <meta-data
72                android:name="io.flutter.embedding.android.NormalTheme"
73                android:resource="@style/NormalTheme" />
74
75            <intent-filter>
76                <action android:name="android.intent.action.MAIN" />
77
78                <category android:name="android.intent.category.LAUNCHER" />
79            </intent-filter>
80        </activity>
81        <!--
82             Don't delete the meta-data below.
83            This is used by the Flutter tool to generate GeneratedPluginRegistrant.java
84        -->
85        <meta-data
86            android:name="flutterEmbedding"
87            android:value="2" />
88
89        <activity
89-->[:url_launcher_android] AndroidManifest.xml:8:9-11:74
90            android:name="io.flutter.plugins.urllauncher.WebViewActivity"
90-->[:url_launcher_android] AndroidManifest.xml:9:13-74
91            android:exported="false"
91-->[:url_launcher_android] AndroidManifest.xml:10:13-37
92            android:theme="@android:style/Theme.NoTitleBar.Fullscreen" />
92-->[:url_launcher_android] AndroidManifest.xml:11:13-71
93
94        <uses-library
94-->[androidx.window:window:1.2.0] AndroidManifest.xml:23:9-25:40
95            android:name="androidx.window.extensions"
95-->[androidx.window:window:1.2.0] AndroidManifest.xml:24:13-54
96            android:required="false" />
96-->[androidx.window:window:1.2.0] AndroidManifest.xml:25:13-37
97        <uses-library
97-->[androidx.window:window:1.2.0] AndroidManifest.xml:26:9-28:40
98            android:name="androidx.window.sidecar"
98-->[androidx.window:window:1.2.0] AndroidManifest.xml:27:13-51
99            android:required="false" />
99-->[androidx.window:window:1.2.0] AndroidManifest.xml:28:13-37
100
101        <provider
101-->[androidx.lifecycle:lifecycle-process:2.7.0] AndroidManifest.xml:24:9-32:20
102            android:name="androidx.startup.InitializationProvider"
102-->[androidx.lifecycle:lifecycle-process:2.7.0] AndroidManifest.xml:25:13-67
103            android:authorities="com.example.flutterdersproje.androidx-startup"
103-->[androidx.lifecycle:lifecycle-process:2.7.0] AndroidManifest.xml:26:13-68
104            android:exported="false" >
104-->[androidx.lifecycle:lifecycle-process:2.7.0] AndroidManifest.xml:27:13-37
105            <meta-data
105-->[androidx.lifecycle:lifecycle-process:2.7.0] AndroidManifest.xml:29:13-31:52
106                android:name="androidx.lifecycle.ProcessLifecycleInitializer"
106-->[androidx.lifecycle:lifecycle-process:2.7.0] AndroidManifest.xml:30:17-78
107                android:value="androidx.startup" />
107-->[androidx.lifecycle:lifecycle-process:2.7.0] AndroidManifest.xml:31:17-49
108            <meta-data
108-->[androidx.profileinstaller:profileinstaller:1.3.1] AndroidManifest.xml:29:13-31:52
109                android:name="androidx.profileinstaller.ProfileInstallerInitializer"
109-->[androidx.profileinstaller:profileinstaller:1.3.1] AndroidManifest.xml:30:17-85
110                android:value="androidx.startup" />
110-->[androidx.profileinstaller:profileinstaller:1.3.1] AndroidManifest.xml:31:17-49
111        </provider>
112
113        <receiver
113-->[androidx.profileinstaller:profileinstaller:1.3.1] AndroidManifest.xml:34:9-52:20
114            android:name="androidx.profileinstaller.ProfileInstallReceiver"
114-->[androidx.profileinstaller:profileinstaller:1.3.1] AndroidManifest.xml:35:13-76
115            android:directBootAware="false"
115-->[androidx.profileinstaller:profileinstaller:1.3.1] AndroidManifest.xml:36:13-44
116            android:enabled="true"
116-->[androidx.profileinstaller:profileinstaller:1.3.1] AndroidManifest.xml:37:13-35
117            android:exported="true"
117-->[androidx.profileinstaller:profileinstaller:1.3.1] AndroidManifest.xml:38:13-36
118            android:permission="android.permission.DUMP" >
118-->[androidx.profileinstaller:profileinstaller:1.3.1] AndroidManifest.xml:39:13-57
119            <intent-filter>
119-->[androidx.profileinstaller:profileinstaller:1.3.1] AndroidManifest.xml:40:13-42:29
120                <action android:name="androidx.profileinstaller.action.INSTALL_PROFILE" />
120-->[androidx.profileinstaller:profileinstaller:1.3.1] AndroidManifest.xml:41:17-91
120-->[androidx.profileinstaller:profileinstaller:1.3.1] AndroidManifest.xml:41:25-88
121            </intent-filter>
122            <intent-filter>
122-->[androidx.profileinstaller:profileinstaller:1.3.1] AndroidManifest.xml:43:13-45:29
123                <action android:name="androidx.profileinstaller.action.SKIP_FILE" />
123-->[androidx.profileinstaller:profileinstaller:1.3.1] AndroidManifest.xml:44:17-85
123-->[androidx.profileinstaller:profileinstaller:1.3.1] AndroidManifest.xml:44:25-82
124            </intent-filter>
125            <intent-filter>
125-->[androidx.profileinstaller:profileinstaller:1.3.1] AndroidManifest.xml:46:13-48:29
126                <action android:name="androidx.profileinstaller.action.SAVE_PROFILE" />
126-->[androidx.profileinstaller:profileinstaller:1.3.1] AndroidManifest.xml:47:17-88
126-->[androidx.profileinstaller:profileinstaller:1.3.1] AndroidManifest.xml:47:25-85
127            </intent-filter>
128            <intent-filter>
128-->[androidx.profileinstaller:profileinstaller:1.3.1] AndroidManifest.xml:49:13-51:29
129                <action android:name="androidx.profileinstaller.action.BENCHMARK_OPERATION" />
129-->[androidx.profileinstaller:profileinstaller:1.3.1] AndroidManifest.xml:50:17-95
129-->[androidx.profileinstaller:profileinstaller:1.3.1] AndroidManifest.xml:50:25-92
130            </intent-filter>
131        </receiver>
132    </application>
133
134</manifest>